<?xml version="1.0" encoding="UTF-8"?>
<!-- Generated by org.testng.reporters.JUnitReportReporter -->
<testsuite skipped="0" hostname="Ravi" name="ContactConfiguration.ContactConfig6" tests="1" failures="0" timestamp="2020-10-19T11:02:10 IST" time="129.461" errors="0">
  <testcase name="TestContactConfig6" time="129.461" classname="ContactConfiguration.ContactConfig6"/>
  <system-out/>
</testsuite> <!-- ContactConfiguration.ContactConfig6 -->
