<?xml version="1.0" encoding="UTF-8"?>
<!-- Generated by org.testng.reporters.JUnitReportReporter -->
<testsuite skipped="0" hostname="Ravi" name="Leads_Configurations.Lead_Config24" tests="1" failures="0" timestamp="2020-09-16T10:21:57 IST" time="181.581" errors="0">
  <testcase name="Test_Config24" time="181.581" classname="Leads_Configurations.Lead_Config24"/>
  <system-out/>
</testsuite> <!-- Leads_Configurations.Lead_Config24 -->
