<?xml version="1.0" encoding="UTF-8"?>
<!-- Generated by org.testng.reporters.JUnitReportReporter -->
<testsuite skipped="0" hostname="Ravi" name="CaseCreation_Allocation.CaseAllocation_config1" tests="1" failures="0" timestamp="2020-12-03T18:09:56 IST" time="372.834" errors="0">
  <testcase name="CaseCreation_config1" time="372.834" classname="CaseCreation_Allocation.CaseAllocation_config1"/>
  <system-out/>
</testsuite> <!-- CaseCreation_Allocation.CaseAllocation_config1 -->
