<?xml version="1.0" encoding="UTF-8"?>
<!-- Generated by org.testng.reporters.JUnitReportReporter -->
<testsuite skipped="0" hostname="Ravi" name="Onlineofflinescenario.DefineTeam_Case" tests="1" failures="0" timestamp="2020-10-14T12:43:08 IST" time="344.177" errors="0">
  <testcase name="DefineTeamSetup_case" time="344.177" classname="Onlineofflinescenario.DefineTeam_Case"/>
  <system-out/>
</testsuite> <!-- Onlineofflinescenario.DefineTeam_Case -->
