<?xml version="1.0" encoding="UTF-8"?>
<!-- Generated by org.testng.reporters.JUnitReportReporter -->
<testsuite skipped="0" hostname="Ravi" name="Caseconfiguration.CaseConfig9" tests="1" failures="0" timestamp="2020-12-04T13:05:08 IST" time="110.062" errors="0">
  <testcase name="TestCaseConfig5" time="110.062" classname="Caseconfiguration.CaseConfig9"/>
  <system-out/>
</testsuite> <!-- Caseconfiguration.CaseConfig9 -->
