<?xml version="1.0" encoding="UTF-8"?>
<!-- Generated by org.testng.reporters.JUnitReportReporter -->
<testsuite skipped="0" hostname="Ravi" name="OppCreation_Allocation.Opp_Allocation_config84" tests="1" failures="0" timestamp="2020-09-08T13:56:38 IST" time="380.210" errors="0">
  <testcase name="OpportunityCreation_config84" time="380.210" classname="OppCreation_Allocation.Opp_Allocation_config84"/>
  <system-out/>
</testsuite> <!-- OppCreation_Allocation.Opp_Allocation_config84 -->
