<?xml version="1.0" encoding="UTF-8"?>
<!-- Generated by org.testng.reporters.JUnitReportReporter -->
<testsuite skipped="0" hostname="Ravi" name="Lead_Creation_Allocation.ExistingOpportunity_TC08" tests="1" failures="0" timestamp="2020-10-01T10:26:38 IST" time="466.884" errors="0">
  <testcase name="LeadCreation_ExistingOpportunity_TC08" time="466.884" classname="Lead_Creation_Allocation.ExistingOpportunity_TC08"/>
  <system-out/>
</testsuite> <!-- Lead_Creation_Allocation.ExistingOpportunity_TC08 -->
