<?xml version="1.0" encoding="UTF-8"?>
<!-- Generated by org.testng.reporters.JUnitReportReporter -->
<testsuite skipped="0" hostname="Ravi" name="DefineTeamSetup.DefineTeam_Account" tests="1" failures="0" timestamp="2020-11-27T16:03:36 IST" time="1870.288" errors="0">
  <testcase name="DefineTeamSetup_case" time="1870.288" classname="DefineTeamSetup.DefineTeam_Account"/>
  <system-out/>
</testsuite> <!-- DefineTeamSetup.DefineTeam_Account -->
