<?xml version="1.0" encoding="UTF-8"?>
<!-- Generated by org.testng.reporters.JUnitReportReporter -->
<testsuite skipped="0" hostname="Ravi" name="Leads_Configurations.Lead_Config2" tests="1" failures="0" timestamp="2020-09-16T17:43:58 IST" time="120.363" errors="0">
  <testcase name="Test_Config2" time="120.363" classname="Leads_Configurations.Lead_Config2"/>
  <system-out/>
</testsuite> <!-- Leads_Configurations.Lead_Config2 -->
