<?xml version="1.0" encoding="UTF-8"?>
<!-- Generated by org.testng.reporters.JUnitReportReporter -->
<testsuite skipped="0" hostname="Ravi" name="CaseCreation_Allocation.CaseAllocation_config2" tests="1" failures="0" timestamp="2020-12-04T10:27:20 IST" time="370.037" errors="0">
  <testcase name="CaseCreation_config2" time="370.037" classname="CaseCreation_Allocation.CaseAllocation_config2"/>
  <system-out/>
</testsuite> <!-- CaseCreation_Allocation.CaseAllocation_config2 -->
