<?xml version="1.0" encoding="UTF-8"?>
<!-- Generated by org.testng.reporters.JUnitReportReporter -->
<testsuite skipped="0" hostname="Ravi" name="Opp_CaseConfiguration.Opp_caseconfig1" tests="1" failures="0" timestamp="2020-08-19T11:01:23 IST" time="105.337" errors="0">
  <testcase name="TestCaseConfig1" time="105.337" classname="Opp_CaseConfiguration.Opp_caseconfig1"/>
  <system-out/>
</testsuite> <!-- Opp_CaseConfiguration.Opp_caseconfig1 -->
