<?xml version="1.0" encoding="UTF-8"?>
<!-- Generated by org.testng.reporters.JUnitReportReporter -->
<testsuite skipped="0" hostname="Ravi" name="Contact_Distribution.Contact_DefineTeams" tests="1" failures="0" timestamp="2020-12-03T13:42:33 IST" time="225.953" errors="0">
  <testcase name="DefineTeamSetup" time="225.953" classname="Contact_Distribution.Contact_DefineTeams"/>
  <system-out/>
</testsuite> <!-- Contact_Distribution.Contact_DefineTeams -->
