<?xml version="1.0" encoding="UTF-8"?>
<!-- Generated by org.testng.reporters.JUnitReportReporter -->
<testsuite skipped="0" hostname="Ravi" name="Leads_Configurations.Lead_Config1" tests="1" failures="0" timestamp="2020-09-16T17:36:49 IST" time="110.074" errors="0">
  <testcase name="Test_Config1" time="110.074" classname="Leads_Configurations.Lead_Config1"/>
  <system-out/>
</testsuite> <!-- Leads_Configurations.Lead_Config1 -->
