<?xml version="1.0" encoding="UTF-8"?>
<!-- Generated by org.testng.reporters.JUnitReportReporter -->
<testsuite skipped="0" hostname="Ravi" name="Lead_Creation_Allocation.ExistingOpportunity_TC07" tests="1" failures="0" timestamp="2020-09-30T15:04:46 IST" time="348.879" errors="0">
  <testcase name="LeadCreation_ExistingOpportunity_TC07" time="348.879" classname="Lead_Creation_Allocation.ExistingOpportunity_TC07"/>
  <system-out/>
</testsuite> <!-- Lead_Creation_Allocation.ExistingOpportunity_TC07 -->
