<?xml version="1.0" encoding="UTF-8"?>
<!-- Generated by org.testng.reporters.JUnitReportReporter -->
<testsuite skipped="0" hostname="Ravi" name="OppCreation_Allocation.Opp_Allocation_config6" tests="1" failures="0" timestamp="2020-12-02T17:55:16 IST" time="342.282" errors="0">
  <testcase name="OpportunityCreation_config6" time="342.282" classname="OppCreation_Allocation.Opp_Allocation_config6"/>
  <system-out/>
</testsuite> <!-- OppCreation_Allocation.Opp_Allocation_config6 -->
