<?xml version="1.0" encoding="UTF-8"?>
<!-- Generated by org.testng.reporters.JUnitReportReporter -->
<testsuite skipped="0" hostname="Ravi" name="Opp_Configuration.Opp_caseconfig85" tests="1" failures="0" timestamp="2020-09-08T14:23:12 IST" time="107.515" errors="0">
  <testcase name="TestCaseConfig1" time="107.515" classname="Opp_Configuration.Opp_caseconfig85"/>
  <system-out/>
</testsuite> <!-- Opp_Configuration.Opp_caseconfig85 -->
