<?xml version="1.0" encoding="UTF-8"?>
<!-- Generated by org.testng.reporters.JUnitReportReporter -->
<testsuite skipped="0" hostname="Ravi" name="Lead_Scenarios.Leads_Allocation_config2" tests="1" failures="0" timestamp="2020-10-21T18:17:51 IST" time="381.614" errors="0">
  <testcase name="LeadCreation_config2" time="381.614" classname="Lead_Scenarios.Leads_Allocation_config2"/>
  <system-out/>
</testsuite> <!-- Lead_Scenarios.Leads_Allocation_config2 -->
