<?xml version="1.0" encoding="UTF-8"?>
<!-- Generated by org.testng.reporters.JUnitReportReporter -->
<testsuite skipped="0" hostname="Ravi" name="CaseCreation_Allocation.CaseAllocation_config13" tests="1" failures="0" timestamp="2020-12-04T14:56:47 IST" time="307.440" errors="0">
  <testcase name="CaseCreation_config13" time="307.440" classname="CaseCreation_Allocation.CaseAllocation_config13"/>
  <system-out/>
</testsuite> <!-- CaseCreation_Allocation.CaseAllocation_config13 -->
