<?xml version="1.0" encoding="UTF-8"?>
<!-- Generated by org.testng.reporters.JUnitReportReporter -->
<testsuite skipped="0" hostname="Ravi" name="Caseconfiguration.CaseConfig4" tests="1" failures="0" timestamp="2020-12-04T10:59:40 IST" time="120.084" errors="0">
  <testcase name="TestCaseConfig4" time="120.084" classname="Caseconfiguration.CaseConfig4"/>
  <system-out/>
</testsuite> <!-- Caseconfiguration.CaseConfig4 -->
