<?xml version="1.0" encoding="UTF-8"?>
<!-- Generated by org.testng.reporters.JUnitReportReporter -->
<testsuite skipped="0" hostname="Ravi" name="Leads_Configurations.Lead_Config26" tests="1" failures="0" timestamp="2020-12-02T11:52:57 IST" time="217.921" errors="0">
  <testcase name="Test_Config26" time="217.921" classname="Leads_Configurations.Lead_Config26"/>
  <system-out/>
</testsuite> <!-- Leads_Configurations.Lead_Config26 -->
