<?xml version="1.0" encoding="UTF-8"?>
<!-- Generated by org.testng.reporters.JUnitReportReporter -->
<testsuite skipped="0" hostname="Ravi" name="Caseconfiguration.CaseConfig14" tests="1" failures="0" timestamp="2020-12-04T15:07:18 IST" time="112.171" errors="0">
  <testcase name="TestCaseConfig14" time="112.171" classname="Caseconfiguration.CaseConfig14"/>
  <system-out/>
</testsuite> <!-- Caseconfiguration.CaseConfig14 -->
