<?xml version="1.0" encoding="UTF-8"?>
<!-- Generated by org.testng.reporters.JUnitReportReporter -->
<testsuite skipped="0" hostname="Ravi" name="Lead_Creation_Allocation.ExistingOpportunity_TC05" tests="1" failures="0" timestamp="2020-09-30T14:22:55 IST" time="365.301" errors="0">
  <testcase name="LeadCreation_ExistingOpportunity_TC05" time="365.301" classname="Lead_Creation_Allocation.ExistingOpportunity_TC05"/>
  <system-out/>
</testsuite> <!-- Lead_Creation_Allocation.ExistingOpportunity_TC05 -->
