<?xml version="1.0" encoding="UTF-8"?>
<!-- Generated by org.testng.reporters.JUnitReportReporter -->
<testsuite skipped="0" hostname="Ravi" name="Lead_DefineTeams.Lead_DefineTeams" tests="1" failures="0" timestamp="2020-10-13T10:37:32 IST" time="663.381" errors="0">
  <testcase name="DefineTeamSetup" time="663.381" classname="Lead_DefineTeams.Lead_DefineTeams"/>
  <system-out/>
</testsuite> <!-- Lead_DefineTeams.Lead_DefineTeams -->
