<?xml version="1.0" encoding="UTF-8"?>
<!-- Generated by org.testng.reporters.JUnitReportReporter -->
<testsuite skipped="0" hostname="Ravi" name="Leads_Configurations.Lead_Config14" tests="1" failures="0" timestamp="2020-12-02T10:51:41 IST" time="125.167" errors="0">
  <testcase name="Test_Config14" time="125.167" classname="Leads_Configurations.Lead_Config14"/>
  <system-out/>
</testsuite> <!-- Leads_Configurations.Lead_Config14 -->
