<?xml version="1.0" encoding="UTF-8"?>
<!-- Generated by org.testng.reporters.JUnitReportReporter -->
<testsuite skipped="0" hostname="Ravi" name="Caseconfiguration.CaseConfig8" tests="1" failures="0" timestamp="2020-12-04T12:45:36 IST" time="105.274" errors="0">
  <testcase name="TestCaseConfig5" time="105.274" classname="Caseconfiguration.CaseConfig8"/>
  <system-out/>
</testsuite> <!-- Caseconfiguration.CaseConfig8 -->
