<?xml version="1.0" encoding="UTF-8"?>
<!-- Generated by org.testng.reporters.JUnitReportReporter -->
<testsuite skipped="0" hostname="Ravi" name="Lead_Creation_Allocation.LeadFields_TC13" tests="1" failures="0" timestamp="2020-12-01T13:15:23 IST" time="413.776" errors="0">
  <testcase name="LeadCreation_LeadFields_TC13" time="413.776" classname="Lead_Creation_Allocation.LeadFields_TC13"/>
  <system-out/>
</testsuite> <!-- Lead_Creation_Allocation.LeadFields_TC13 -->
