<?xml version="1.0" encoding="UTF-8"?>
<!-- Generated by org.testng.reporters.JUnitReportReporter -->
<testsuite skipped="0" hostname="Ravi" name="ContactConfiguration.ContactConfig1" tests="1" failures="0" timestamp="2020-10-23T16:02:55 IST" time="133.584" errors="0">
  <testcase name="TestContactConfig1" time="133.584" classname="ContactConfiguration.ContactConfig1"/>
  <system-out/>
</testsuite> <!-- ContactConfiguration.ContactConfig1 -->
