<?xml version="1.0" encoding="UTF-8"?>
<!-- Generated by org.testng.reporters.JUnitReportReporter -->
<testsuite skipped="0" hostname="Ravi" name="ContactConfiguration.ContactConfig5" tests="1" failures="0" timestamp="2020-10-19T10:57:46 IST" time="127.135" errors="0">
  <testcase name="TestContactConfig5" time="127.135" classname="ContactConfiguration.ContactConfig5"/>
  <system-out/>
</testsuite> <!-- ContactConfiguration.ContactConfig5 -->
