<?xml version="1.0" encoding="UTF-8"?>
<!-- Generated by org.testng.reporters.JUnitReportReporter -->
<testsuite skipped="0" hostname="Ravi" name="Opp_Configuration.Opp_caseconfig4" tests="1" failures="0" timestamp="2020-09-09T11:52:55 IST" time="107.841" errors="0">
  <testcase name="TestCaseConfig1" time="107.841" classname="Opp_Configuration.Opp_caseconfig4"/>
  <system-out/>
</testsuite> <!-- Opp_Configuration.Opp_caseconfig4 -->
