<?xml version="1.0" encoding="UTF-8"?>
<!-- Generated by org.testng.reporters.JUnitReportReporter -->
<testsuite skipped="0" hostname="Ravi" name="Opp_Configuration.Opp_caseconfig3" tests="1" failures="0" timestamp="2020-09-09T11:40:31 IST" time="112.057" errors="0">
  <testcase name="TestCaseConfig3" time="112.057" classname="Opp_Configuration.Opp_caseconfig3"/>
  <system-out/>
</testsuite> <!-- Opp_Configuration.Opp_caseconfig3 -->
