<?xml version="1.0" encoding="UTF-8"?>
<!-- Generated by org.testng.reporters.JUnitReportReporter -->
<testsuite skipped="0" hostname="Ravi" name="Lead_DefineTeams.Lead_DefineTeams" tests="1" failures="0" timestamp="2020-09-11T11:22:43 IST" time="594.003" errors="0">
  <testcase name="DefineTeamSetup" time="594.003" classname="Lead_DefineTeams.Lead_DefineTeams"/>
  <system-out/>
</testsuite> <!-- Lead_DefineTeams.Lead_DefineTeams -->
