<?xml version="1.0" encoding="UTF-8"?>
<!-- Generated by org.testng.reporters.JUnitReportReporter -->
<testsuite skipped="0" hostname="Ravi" name="DemoScenario.CaseConfig3" tests="1" failures="0" timestamp="2020-10-14T14:06:45 IST" time="128.796" errors="0">
  <testcase name="TestCaseConfig3" time="128.796" classname="DemoScenario.CaseConfig3"/>
  <system-out/>
</testsuite> <!-- DemoScenario.CaseConfig3 -->
