<?xml version="1.0" encoding="UTF-8"?>
<!-- Generated by org.testng.reporters.JUnitReportReporter -->
<testsuite skipped="0" hostname="Ravi" name="ContactConfiguration.ContactConfig9" tests="1" failures="0" timestamp="2020-10-19T11:35:10 IST" time="128.268" errors="0">
  <testcase name="TestContactConfig9" time="128.268" classname="ContactConfiguration.ContactConfig9"/>
  <system-out/>
</testsuite> <!-- ContactConfiguration.ContactConfig9 -->
