<?xml version="1.0" encoding="UTF-8"?>
<!-- Generated by org.testng.reporters.JUnitReportReporter -->
<testsuite skipped="0" hostname="Ravi" name="Leads_Configurations.Lead_Config4" tests="1" failures="0" timestamp="2020-12-01T12:19:15 IST" time="115.503" errors="0">
  <testcase name="Test_Config3" time="115.503" classname="Leads_Configurations.Lead_Config4"/>
  <system-out/>
</testsuite> <!-- Leads_Configurations.Lead_Config4 -->
