<?xml version="1.0" encoding="UTF-8"?>
<!-- Generated by org.testng.reporters.JUnitReportReporter -->
<testsuite skipped="0" hostname="Ravi" name="Lead_Creation_Allocation.LeadFields_TC13" tests="1" failures="0" timestamp="2020-09-21T16:47:00 IST" time="420.813" errors="0">
  <testcase name="LeadCreation_LeadFields_TC13" time="420.813" classname="Lead_Creation_Allocation.LeadFields_TC13"/>
  <system-out/>
</testsuite> <!-- Lead_Creation_Allocation.LeadFields_TC13 -->
