<?xml version="1.0" encoding="UTF-8"?>
<!-- Generated by org.testng.reporters.JUnitReportReporter -->
<testsuite skipped="0" hostname="Ravi" name="AccountScenario.AccountConfig8" tests="1" failures="0" timestamp="2020-10-14T12:53:44 IST" time="129.078" errors="0">
  <testcase name="TestAccountConfig8" time="129.078" classname="AccountScenario.AccountConfig8"/>
  <system-out/>
</testsuite> <!-- AccountScenario.AccountConfig8 -->
