<?xml version="1.0" encoding="UTF-8"?>
<!-- Generated by org.testng.reporters.JUnitReportReporter -->
<testsuite skipped="0" hostname="Ravi" name="Lead_Creation_Allocation.ExistingOpportunityFilter_TC11" tests="1" failures="0" timestamp="2020-10-01T11:17:17 IST" time="351.270" errors="0">
  <testcase name="LeadCreation_ExistingOpportunity_TC08" time="351.270" classname="Lead_Creation_Allocation.ExistingOpportunityFilter_TC11"/>
  <system-out/>
</testsuite> <!-- Lead_Creation_Allocation.ExistingOpportunityFilter_TC11 -->
