<?xml version="1.0" encoding="UTF-8"?>
<!-- Generated by org.testng.reporters.JUnitReportReporter -->
<testsuite skipped="0" hostname="Ravi" name="OppCreation_Allocation.Opp_Allocation_config6" tests="1" failures="0" timestamp="2020-09-09T12:19:40 IST" time="336.206" errors="0">
  <testcase name="OpportunityCreation_config6" time="336.206" classname="OppCreation_Allocation.Opp_Allocation_config6"/>
  <system-out/>
</testsuite> <!-- OppCreation_Allocation.Opp_Allocation_config6 -->
