<?xml version="1.0" encoding="UTF-8"?>
<!-- Generated by org.testng.reporters.JUnitReportReporter -->
<testsuite skipped="0" hostname="Ravi" name="Leads_Configurations.Lead_Config10" tests="1" failures="0" timestamp="2020-09-14T12:37:44 IST" time="119.235" errors="0">
  <testcase name="Test_Config10" time="119.235" classname="Leads_Configurations.Lead_Config10"/>
  <system-out/>
</testsuite> <!-- Leads_Configurations.Lead_Config10 -->
