<?xml version="1.0" encoding="UTF-8"?>
<!-- Generated by org.testng.reporters.JUnitReportReporter -->
<testsuite skipped="0" hostname="Ravi" name="OppCreation_Allocation.Opp_Allocation_config4" tests="1" failures="0" timestamp="2020-09-09T11:52:55 IST" time="609.750" errors="0">
  <testcase name="OpportunityCreation_config4" time="609.750" classname="OppCreation_Allocation.Opp_Allocation_config4"/>
  <system-out/>
</testsuite> <!-- OppCreation_Allocation.Opp_Allocation_config4 -->
