<?xml version="1.0" encoding="UTF-8"?>
<!-- Generated by org.testng.reporters.JUnitReportReporter -->
<testsuite skipped="0" hostname="Ravi" name="Caseconfiguration.CaseConfig2" tests="1" failures="0" timestamp="2020-12-04T10:27:20 IST" time="123.012" errors="0">
  <testcase name="TestCaseConfig2" time="123.012" classname="Caseconfiguration.CaseConfig2"/>
  <system-out/>
</testsuite> <!-- Caseconfiguration.CaseConfig2 -->
