<?xml version="1.0" encoding="UTF-8"?>
<!-- Generated by org.testng.reporters.JUnitReportReporter -->
<testsuite skipped="0" hostname="Ravi" name="Leads_Configurations.Lead_Config14" tests="1" failures="0" timestamp="2020-09-14T13:52:08 IST" time="120.863" errors="0">
  <testcase name="Test_Config14" time="120.863" classname="Leads_Configurations.Lead_Config14"/>
  <system-out/>
</testsuite> <!-- Leads_Configurations.Lead_Config14 -->
