<?xml version="1.0" encoding="UTF-8"?>
<!-- Generated by org.testng.reporters.JUnitReportReporter -->
<testsuite skipped="0" hostname="Ravi" name="ContactConfiguration.ContactConfig10" tests="1" failures="0" timestamp="2020-10-19T11:31:03 IST" time="125.762" errors="0">
  <testcase name="TestContactConfig10" time="125.762" classname="ContactConfiguration.ContactConfig10"/>
  <system-out/>
</testsuite> <!-- ContactConfiguration.ContactConfig10 -->
