<?xml version="1.0" encoding="UTF-8"?>
<!-- Generated by org.testng.reporters.JUnitReportReporter -->
<testsuite skipped="0" hostname="Ravi" name="Leads_Configurations.Lead_Config9" tests="1" failures="0" timestamp="2020-09-14T12:35:28 IST" time="118.727" errors="0">
  <testcase name="Test_Config9" time="118.727" classname="Leads_Configurations.Lead_Config9"/>
  <system-out/>
</testsuite> <!-- Leads_Configurations.Lead_Config9 -->
