<?xml version="1.0" encoding="UTF-8"?>
<!-- Generated by org.testng.reporters.JUnitReportReporter -->
<testsuite skipped="0" hostname="Ravi" name="Opp_CaseConfiguration.Opp_caseconfig83" tests="1" failures="0" timestamp="2020-08-19T11:58:01 IST" time="107.487" errors="0">
  <testcase name="TestCaseConfig1" time="107.487" classname="Opp_CaseConfiguration.Opp_caseconfig83"/>
  <system-out/>
</testsuite> <!-- Opp_CaseConfiguration.Opp_caseconfig83 -->
