<?xml version="1.0" encoding="UTF-8"?>
<!-- Generated by org.testng.reporters.JUnitReportReporter -->
<testsuite skipped="0" hostname="Ravi" name="Lead_Creation_Allocation.Leads_Allocation_config2" tests="1" failures="0" timestamp="2020-09-11T12:20:08 IST" time="240.432" errors="0">
  <testcase name="LeadCreation_config2" time="240.432" classname="Lead_Creation_Allocation.Leads_Allocation_config2"/>
  <system-out/>
</testsuite> <!-- Lead_Creation_Allocation.Leads_Allocation_config2 -->
