<?xml version="1.0" encoding="UTF-8"?>
<!-- Generated by org.testng.reporters.JUnitReportReporter -->
<testsuite skipped="0" hostname="Ravi" name="OppCreation_Allocation.Opp_Allocation_config81" tests="1" failures="0" timestamp="2020-09-09T14:36:10 IST" time="289.522" errors="0">
  <testcase name="OpportunityCreation_config81" time="289.522" classname="OppCreation_Allocation.Opp_Allocation_config81"/>
  <system-out/>
</testsuite> <!-- OppCreation_Allocation.Opp_Allocation_config81 -->
