<?xml version="1.0" encoding="UTF-8"?>
<!-- Generated by org.testng.reporters.JUnitReportReporter -->
<testsuite skipped="0" hostname="Ravi" name="ContactCreation_Allocation.ContactAllocation_TC03" tests="1" failures="0" timestamp="2020-10-27T17:31:15 IST" time="224.310" errors="0">
  <testcase name="ContactCreation_config03" time="224.310" classname="ContactCreation_Allocation.ContactAllocation_TC03"/>
  <system-out/>
</testsuite> <!-- ContactCreation_Allocation.ContactAllocation_TC03 -->
