<?xml version="1.0" encoding="UTF-8"?>
<!-- Generated by org.testng.reporters.JUnitReportReporter -->
<testsuite skipped="0" hostname="Ravi" name="Contact_Distribution.ContactConfig" tests="1" failures="0" timestamp="2020-12-01T15:39:28 IST" time="126.833" errors="0">
  <testcase name="TestContactConfig" time="126.833" classname="Contact_Distribution.ContactConfig"/>
  <system-out/>
</testsuite> <!-- Contact_Distribution.ContactConfig -->
