<?xml version="1.0" encoding="UTF-8"?>
<!-- Generated by org.testng.reporters.JUnitReportReporter -->
<testsuite skipped="0" hostname="Ravi" name="Leads_Configurations.Lead_Config28" tests="1" failures="0" timestamp="2020-09-16T12:17:19 IST" time="154.196" errors="0">
  <testcase name="Test_Config28" time="154.196" classname="Leads_Configurations.Lead_Config28"/>
  <system-out/>
</testsuite> <!-- Leads_Configurations.Lead_Config28 -->
