<?xml version="1.0" encoding="UTF-8"?>
<!-- Generated by org.testng.reporters.JUnitReportReporter -->
<testsuite skipped="0" hostname="Ravi" name="Leads_Configurations.Lead_Config30" tests="1" failures="0" timestamp="2020-12-02T11:40:07 IST" time="182.549" errors="0">
  <testcase name="Test_Config30" time="182.549" classname="Leads_Configurations.Lead_Config30"/>
  <system-out/>
</testsuite> <!-- Leads_Configurations.Lead_Config30 -->
