<?xml version="1.0" encoding="UTF-8"?>
<!-- Generated by org.testng.reporters.JUnitReportReporter -->
<testsuite skipped="0" hostname="Ravi" name="Lead_Creation_Allocation.ExistingOpportunityFilter_TC13" tests="1" failures="0" timestamp="2020-10-01T12:25:15 IST" time="563.038" errors="0">
  <testcase name="LeadCreation_ExistingOpportunity_TC13" time="563.038" classname="Lead_Creation_Allocation.ExistingOpportunityFilter_TC13"/>
  <system-out/>
</testsuite> <!-- Lead_Creation_Allocation.ExistingOpportunityFilter_TC13 -->
