<?xml version="1.0" encoding="UTF-8"?>
<!-- Generated by org.testng.reporters.JUnitReportReporter -->
<testsuite skipped="0" hostname="Ravi" name="Leads_Configurations.Lead_Config31" tests="1" failures="0" timestamp="2020-12-02T12:36:09 IST" time="156.316" errors="0">
  <testcase name="Test_Config31" time="156.316" classname="Leads_Configurations.Lead_Config31"/>
  <system-out/>
</testsuite> <!-- Leads_Configurations.Lead_Config31 -->
