<?xml version="1.0" encoding="UTF-8"?>
<!-- Generated by org.testng.reporters.JUnitReportReporter -->
<testsuite skipped="0" hostname="Ravi" name="CaseCreation_Allocation.CaseAllocation_config10" tests="1" failures="0" timestamp="2020-12-04T13:32:04 IST" time="211.474" errors="0">
  <testcase name="CaseCreation_config10" time="211.474" classname="CaseCreation_Allocation.CaseAllocation_config10"/>
  <system-out/>
</testsuite> <!-- CaseCreation_Allocation.CaseAllocation_config10 -->
