<?xml version="1.0" encoding="UTF-8"?>
<!-- Generated by org.testng.reporters.JUnitReportReporter -->
<testsuite skipped="0" hostname="Ravi" name="Lead_Creation_Allocation.ExistingAccount_TC04" tests="1" failures="0" timestamp="2020-09-29T15:16:53 IST" time="167.092" errors="0">
  <testcase name="LeadCreation_ExistingAccount_TC04" time="167.092" classname="Lead_Creation_Allocation.ExistingAccount_TC04"/>
  <system-out/>
</testsuite> <!-- Lead_Creation_Allocation.ExistingAccount_TC04 -->
