<?xml version="1.0" encoding="UTF-8"?>
<!-- Generated by org.testng.reporters.JUnitReportReporter -->
<testsuite skipped="0" hostname="Ravi" name="Lead_Creation_Allocation.ExistingOpportunityFilter_TC12" tests="1" failures="0" timestamp="2020-12-02T12:03:45 IST" time="375.751" errors="0">
  <testcase name="LeadCreation_ExistingOpportunity_TC12" time="375.751" classname="Lead_Creation_Allocation.ExistingOpportunityFilter_TC12"/>
  <system-out/>
</testsuite> <!-- Lead_Creation_Allocation.ExistingOpportunityFilter_TC12 -->
