<?xml version="1.0" encoding="UTF-8"?>
<!-- Generated by org.testng.reporters.JUnitReportReporter -->
<testsuite skipped="0" hostname="Ravi" name="Opp_Configuration.Opp_caseconfig1" tests="1" failures="0" timestamp="2020-12-02T15:10:04 IST" time="120.380" errors="0">
  <testcase name="TestCaseConfig1" time="120.380" classname="Opp_Configuration.Opp_caseconfig1"/>
  <system-out/>
</testsuite> <!-- Opp_Configuration.Opp_caseconfig1 -->
