<?xml version="1.0" encoding="UTF-8"?>
<!-- Generated by org.testng.reporters.JUnitReportReporter -->
<testsuite skipped="0" hostname="Ravi" name="Leads_Configurations.Lead_Config21" tests="1" failures="0" timestamp="2020-09-30T14:01:59 IST" time="178.372" errors="0">
  <testcase name="Test_Config21" time="178.372" classname="Leads_Configurations.Lead_Config21"/>
  <system-out/>
</testsuite> <!-- Leads_Configurations.Lead_Config21 -->
