<?xml version="1.0" encoding="UTF-8"?>
<!-- Generated by org.testng.reporters.JUnitReportReporter -->
<testsuite skipped="0" hostname="Ravi" name="AccountCreation_Allocation.AccountAllocation_config12" tests="1" failures="0" timestamp="2020-11-29T19:54:05 IST" time="295.167" errors="0">
  <testcase name="AccountCreation_config12" time="295.167" classname="AccountCreation_Allocation.AccountAllocation_config12"/>
  <system-out/>
</testsuite> <!-- AccountCreation_Allocation.AccountAllocation_config12 -->
