<?xml version="1.0" encoding="UTF-8"?>
<!-- Generated by org.testng.reporters.JUnitReportReporter -->
<testsuite skipped="0" hostname="Ravi" name="Accountconfiguration.AccountConfig10" tests="1" failures="0" timestamp="2020-11-30T09:45:58 IST" time="135.289" errors="0">
  <testcase name="TestAccountConfig10" time="135.289" classname="Accountconfiguration.AccountConfig10"/>
  <system-out/>
</testsuite> <!-- Accountconfiguration.AccountConfig10 -->
