<?xml version="1.0" encoding="UTF-8"?>
<!-- Generated by org.testng.reporters.JUnitReportReporter -->
<testsuite skipped="0" hostname="Ravi" name="Opp_Configuration.Opp_caseconfig82" tests="1" failures="0" timestamp="2020-09-09T14:44:07 IST" time="133.877" errors="0">
  <testcase name="TestCaseConfig82" time="133.877" classname="Opp_Configuration.Opp_caseconfig82"/>
  <system-out/>
</testsuite> <!-- Opp_Configuration.Opp_caseconfig82 -->
