<?xml version="1.0" encoding="UTF-8"?>
<!-- Generated by org.testng.reporters.JUnitReportReporter -->
<testsuite skipped="0" hostname="Ravi" name="Leads_Configurations.Lead_Config16" tests="1" failures="0" timestamp="2020-10-21T14:18:06 IST" time="155.772" errors="0">
  <testcase name="Test_Config16" time="155.772" classname="Leads_Configurations.Lead_Config16"/>
  <system-out/>
</testsuite> <!-- Leads_Configurations.Lead_Config16 -->
