<?xml version="1.0" encoding="UTF-8"?>
<!-- Generated by org.testng.reporters.JUnitReportReporter -->
<testsuite skipped="0" hostname="Ravi" name="AccountCreation_Allocation.AccountAllocation_config4" tests="1" failures="0" timestamp="2020-11-30T09:19:00 IST" time="261.720" errors="0">
  <testcase name="AccountCreation_config4" time="261.720" classname="AccountCreation_Allocation.AccountAllocation_config4"/>
  <system-out/>
</testsuite> <!-- AccountCreation_Allocation.AccountAllocation_config4 -->
