<?xml version="1.0" encoding="UTF-8"?>
<!-- Generated by org.testng.reporters.JUnitReportReporter -->
<testsuite skipped="0" hostname="Ravi" name="Lead_Creation_Allocation.ExistingAccountFilter_TC10" tests="1" failures="0" timestamp="2020-12-01T20:31:50 IST" time="425.616" errors="0">
  <testcase name="LeadCreation_ExistingAccountFilter_TC10" time="425.616" classname="Lead_Creation_Allocation.ExistingAccountFilter_TC10"/>
  <system-out/>
</testsuite> <!-- Lead_Creation_Allocation.ExistingAccountFilter_TC10 -->
