<?xml version="1.0" encoding="UTF-8"?>
<!-- Generated by org.testng.reporters.JUnitReportReporter -->
<testsuite skipped="0" hostname="Ravi" name="Caseconfiguration.CaseConfig11" tests="1" failures="0" timestamp="2020-12-04T13:44:31 IST" time="109.244" errors="0">
  <testcase name="TestCaseConfig11" time="109.244" classname="Caseconfiguration.CaseConfig11"/>
  <system-out/>
</testsuite> <!-- Caseconfiguration.CaseConfig11 -->
