<?xml version="1.0" encoding="UTF-8"?>
<!-- Generated by org.testng.reporters.JUnitReportReporter -->
<testsuite skipped="0" hostname="Ravi" name="Caseconfiguration.CaseConfig12" tests="1" failures="0" timestamp="2020-12-04T14:16:19 IST" time="106.177" errors="0">
  <testcase name="TestCaseConfig12" time="106.177" classname="Caseconfiguration.CaseConfig12"/>
  <system-out/>
</testsuite> <!-- Caseconfiguration.CaseConfig12 -->
