<?xml version="1.0" encoding="UTF-8"?>
<!-- Generated by org.testng.reporters.JUnitReportReporter -->
<testsuite skipped="0" hostname="Ravi" name="Leads_Configurations.Lead_Config7" tests="1" failures="0" timestamp="2020-09-14T12:30:22 IST" time="116.581" errors="0">
  <testcase name="Test_Config7" time="116.581" classname="Leads_Configurations.Lead_Config7"/>
  <system-out/>
</testsuite> <!-- Leads_Configurations.Lead_Config7 -->
