<?xml version="1.0" encoding="UTF-8"?>
<!-- Generated by org.testng.reporters.JUnitReportReporter -->
<testsuite skipped="0" hostname="Ravi" name="Caseconfiguration.CaseConfig1" tests="1" failures="0" timestamp="2020-12-03T17:59:52 IST" time="126.441" errors="0">
  <testcase name="TestCaseConfig1" time="126.441" classname="Caseconfiguration.CaseConfig1"/>
  <system-out/>
</testsuite> <!-- Caseconfiguration.CaseConfig1 -->
