<?xml version="1.0" encoding="UTF-8"?>
<!-- Generated by org.testng.reporters.JUnitReportReporter -->
<testsuite skipped="0" hostname="Ravi" name="Lead_Creation_Allocation.ExistingAccountFilter_TC08" tests="1" failures="0" timestamp="2020-10-01T14:11:14 IST" time="358.858" errors="0">
  <testcase name="LeadCreation_ExistingAccountFilter_TC08" time="358.858" classname="Lead_Creation_Allocation.ExistingAccountFilter_TC08"/>
  <system-out/>
</testsuite> <!-- Lead_Creation_Allocation.ExistingAccountFilter_TC08 -->
