<?xml version="1.0" encoding="UTF-8"?>
<!-- Generated by org.testng.reporters.JUnitReportReporter -->
<testsuite skipped="0" hostname="Ravi" name="Lead_Creation_Allocation.ExistingOpportunityFilter_TC14" tests="1" failures="0" timestamp="2020-10-01T12:52:46 IST" time="347.335" errors="0">
  <testcase name="LeadCreation_ExistingOpportunity_TC14" time="347.335" classname="Lead_Creation_Allocation.ExistingOpportunityFilter_TC14"/>
  <system-out/>
</testsuite> <!-- Lead_Creation_Allocation.ExistingOpportunityFilter_TC14 -->
