<?xml version="1.0" encoding="UTF-8"?>
<!-- Generated by org.testng.reporters.JUnitReportReporter -->
<testsuite skipped="0" hostname="Ravi" name="Lead_Creation_Allocation.LeadFields_TC10" tests="1" failures="0" timestamp="2020-12-01T12:28:56 IST" time="420.518" errors="0">
  <testcase name="LeadCreation_LeadFields_TC10" time="420.518" classname="Lead_Creation_Allocation.LeadFields_TC10"/>
  <system-out/>
</testsuite> <!-- Lead_Creation_Allocation.LeadFields_TC10 -->
