<?xml version="1.0" encoding="UTF-8"?>
<!-- Generated by org.testng.reporters.JUnitReportReporter -->
<testsuite skipped="0" hostname="Ravi" name="Lead_Creation_Allocation.LeadFields_TC11" tests="1" failures="0" timestamp="2020-10-21T14:18:06 IST" time="423.179" errors="0">
  <testcase name="LeadCreation_LeadFields_TC11" time="423.179" classname="Lead_Creation_Allocation.LeadFields_TC11"/>
  <system-out/>
</testsuite> <!-- Lead_Creation_Allocation.LeadFields_TC11 -->
