<?xml version="1.0" encoding="UTF-8"?>
<!-- Generated by org.testng.reporters.JUnitReportReporter -->
<testsuite skipped="0" hostname="Ravi" name="Lead_Creation_Allocation.ExistingAccountFilter_TC08" tests="1" failures="0" timestamp="2020-12-01T20:10:02 IST" time="460.826" errors="0">
  <testcase name="LeadCreation_ExistingAccountFilter_TC08" time="460.826" classname="Lead_Creation_Allocation.ExistingAccountFilter_TC08"/>
  <system-out/>
</testsuite> <!-- Lead_Creation_Allocation.ExistingAccountFilter_TC08 -->
