<?xml version="1.0" encoding="UTF-8"?>
<!-- Generated by org.testng.reporters.JUnitReportReporter -->
<testsuite skipped="0" hostname="Ravi" name="Opp_Configuration.Opp_caseconfig81" tests="1" failures="0" timestamp="2020-12-02T18:24:25 IST" time="115.122" errors="0">
  <testcase name="TestCaseConfig81" time="115.122" classname="Opp_Configuration.Opp_caseconfig81"/>
  <system-out/>
</testsuite> <!-- Opp_Configuration.Opp_caseconfig81 -->
