<?xml version="1.0" encoding="UTF-8"?>
<!-- Generated by org.testng.reporters.JUnitReportReporter -->
<testsuite skipped="0" hostname="Ravi" name="Leads_Configurations.Lead_Config3" tests="1" failures="0" timestamp="2020-09-16T17:50:38 IST" time="114.105" errors="0">
  <testcase name="Test_Config3" time="114.105" classname="Leads_Configurations.Lead_Config3"/>
  <system-out/>
</testsuite> <!-- Leads_Configurations.Lead_Config3 -->
