<?xml version="1.0" encoding="UTF-8"?>
<!-- Generated by org.testng.reporters.JUnitReportReporter -->
<testsuite skipped="0" hostname="Ravi" name="Accountconfiguration.AccountConfig12" tests="1" failures="0" timestamp="2020-11-29T19:54:05 IST" time="130.947" errors="0">
  <testcase name="TestAccountConfig12" time="130.947" classname="Accountconfiguration.AccountConfig12"/>
  <system-out/>
</testsuite> <!-- Accountconfiguration.AccountConfig12 -->
