<?xml version="1.0" encoding="UTF-8"?>
<!-- Generated by org.testng.reporters.JUnitReportReporter -->
<testsuite skipped="0" hostname="Ravi" name="Opp_Configuration.Opp_caseconfig4" tests="1" failures="0" timestamp="2020-12-02T16:30:20 IST" time="111.906" errors="0">
  <testcase name="TestCaseConfig1" time="111.906" classname="Opp_Configuration.Opp_caseconfig4"/>
  <system-out/>
</testsuite> <!-- Opp_Configuration.Opp_caseconfig4 -->
