<?xml version="1.0" encoding="UTF-8"?>
<!-- Generated by org.testng.reporters.JUnitReportReporter -->
<testsuite skipped="0" hostname="Ravi" name="Caseconfiguration.CaseConfig6" tests="1" failures="0" timestamp="2020-12-04T11:35:51 IST" time="111.037" errors="0">
  <testcase name="TestCaseConfig5" time="111.037" classname="Caseconfiguration.CaseConfig6"/>
  <system-out/>
</testsuite> <!-- Caseconfiguration.CaseConfig6 -->
