<?xml version="1.0" encoding="UTF-8"?>
<!-- Generated by org.testng.reporters.JUnitReportReporter -->
<testsuite skipped="0" hostname="Ravi" name="EditTeamSetupAccount.EditTeamAcc_config10" tests="1" failures="0" timestamp="2020-11-30T09:45:58 IST" time="137.891" errors="0">
  <testcase name="EditTeamsetup" time="137.891" classname="EditTeamSetupAccount.EditTeamAcc_config10"/>
  <system-out/>
</testsuite> <!-- EditTeamSetupAccount.EditTeamAcc_config10 -->
