<?xml version="1.0" encoding="UTF-8"?>
<!-- Generated by org.testng.reporters.JUnitReportReporter -->
<testsuite skipped="0" hostname="Ravi" name="Lead_Creation_Allocation.ExistingAccount_TC05" tests="1" failures="0" timestamp="2020-10-01T14:01:06 IST" time="195.416" errors="0">
  <testcase name="LeadCreation_ExistingAccount_TC05" time="195.416" classname="Lead_Creation_Allocation.ExistingAccount_TC05"/>
  <system-out/>
</testsuite> <!-- Lead_Creation_Allocation.ExistingAccount_TC05 -->
