<?xml version="1.0" encoding="UTF-8"?>
<!-- Generated by org.testng.reporters.JUnitReportReporter -->
<testsuite skipped="0" hostname="Ravi" name="Accountconfiguration.AccountConfig7" tests="1" failures="0" timestamp="2020-11-29T19:36:16 IST" time="129.145" errors="0">
  <testcase name="TestAccountConfig7" time="129.145" classname="Accountconfiguration.AccountConfig7"/>
  <system-out/>
</testsuite> <!-- Accountconfiguration.AccountConfig7 -->
