<?xml version="1.0" encoding="UTF-8"?>
<!-- Generated by org.testng.reporters.JUnitReportReporter -->
<testsuite skipped="0" hostname="Ravi" name="ContactCreation_Allocation.ContactAllocation_TC01" tests="1" failures="0" timestamp="2020-11-30T10:38:15 IST" time="98.293" errors="0">
  <testcase name="ContactCreation_config1" time="98.293" classname="ContactCreation_Allocation.ContactAllocation_TC01"/>
  <system-out/>
</testsuite> <!-- ContactCreation_Allocation.ContactAllocation_TC01 -->
