<?xml version="1.0" encoding="UTF-8"?>
<!-- Generated by org.testng.reporters.JUnitReportReporter -->
<testsuite skipped="0" hostname="Ravi" name="Lead_Creation_Allocation.LeadRBAFilters_TC14" tests="1" failures="0" timestamp="2020-09-29T10:52:55 IST" time="508.998" errors="0">
  <testcase name="LeadCreation_LeadRBAFilter_TC14" time="508.998" classname="Lead_Creation_Allocation.LeadRBAFilters_TC14"/>
  <system-out/>
</testsuite> <!-- Lead_Creation_Allocation.LeadRBAFilters_TC14 -->
