<?xml version="1.0" encoding="UTF-8"?>
<!-- Generated by org.testng.reporters.JUnitReportReporter -->
<testsuite skipped="0" hostname="Ravi" name="DemoScenario.CaseAllocation_config1" tests="1" failures="0" timestamp="2020-10-14T14:06:45 IST" time="1922.708" errors="0">
  <testcase name="CaseCreation_config1" time="1922.708" classname="DemoScenario.CaseAllocation_config1"/>
  <system-out/>
</testsuite> <!-- DemoScenario.CaseAllocation_config1 -->
