<?xml version="1.0" encoding="UTF-8"?>
<!-- Generated by org.testng.reporters.JUnitReportReporter -->
<testsuite skipped="0" hostname="Ravi" name="OppCreation_Allocation.Opp_Allocation_config83" tests="1" failures="0" timestamp="2020-09-09T14:59:07 IST" time="391.228" errors="0">
  <testcase name="OpportunityCreation_config83" time="391.228" classname="OppCreation_Allocation.Opp_Allocation_config83"/>
  <system-out/>
</testsuite> <!-- OppCreation_Allocation.Opp_Allocation_config83 -->
