<?xml version="1.0" encoding="UTF-8"?>
<!-- Generated by org.testng.reporters.JUnitReportReporter -->
<testsuite skipped="0" hostname="Ravi" name="ContactConfiguration.ContactConfig4" tests="1" failures="0" timestamp="2020-10-19T12:11:21 IST" time="126.144" errors="0">
  <testcase name="TestContactConfig4" time="126.144" classname="ContactConfiguration.ContactConfig4"/>
  <system-out/>
</testsuite> <!-- ContactConfiguration.ContactConfig4 -->
