<?xml version="1.0" encoding="UTF-8"?>
<!-- Generated by org.testng.reporters.JUnitReportReporter -->
<testsuite skipped="0" hostname="Ravi" name="Leads_Configurations.Lead_Config25" tests="1" failures="0" timestamp="2020-10-06T10:51:41 IST" time="182.847" errors="0">
  <testcase name="Test_Config25" time="182.847" classname="Leads_Configurations.Lead_Config25"/>
  <system-out/>
</testsuite> <!-- Leads_Configurations.Lead_Config25 -->
