<?xml version="1.0" encoding="UTF-8"?>
<!-- Generated by org.testng.reporters.JUnitReportReporter -->
<testsuite skipped="0" hostname="Ravi" name="AccountScenario.AccountAllocation_config8" tests="1" failures="0" timestamp="2020-10-14T13:05:40 IST" time="336.883" errors="0">
  <testcase name="AccountCreation_config8" time="336.883" classname="AccountScenario.AccountAllocation_config8"/>
  <system-out/>
</testsuite> <!-- AccountScenario.AccountAllocation_config8 -->
