<?xml version="1.0" encoding="UTF-8"?>
<!-- Generated by org.testng.reporters.JUnitReportReporter -->
<testsuite skipped="0" hostname="Ravi" name="Leads_Configurations.Lead_Config28" tests="1" failures="0" timestamp="2020-10-01T12:12:31 IST" time="167.110" errors="0">
  <testcase name="Test_Config28" time="167.110" classname="Leads_Configurations.Lead_Config28"/>
  <system-out/>
</testsuite> <!-- Leads_Configurations.Lead_Config28 -->
