<?xml version="1.0" encoding="UTF-8"?>
<!-- Generated by org.testng.reporters.JUnitReportReporter -->
<testsuite skipped="0" hostname="Ravi" name="OppCreation_Allocation.Pre_OppAllocation_config84" tests="1" failures="0" timestamp="2020-12-02T19:02:25 IST" time="208.776" errors="0">
  <testcase name="OpportunityCreation_config84" time="208.776" classname="OppCreation_Allocation.Pre_OppAllocation_config84"/>
  <system-out/>
</testsuite> <!-- OppCreation_Allocation.Pre_OppAllocation_config84 -->
