<?xml version="1.0" encoding="UTF-8"?>
<!-- Generated by org.testng.reporters.JUnitReportReporter -->
<testsuite skipped="0" hostname="Ravi" name="Leads_Configurations.Lead_Config6" tests="1" failures="0" timestamp="2020-10-21T14:18:06 IST" time="124.498" errors="0">
  <testcase name="Test_Config6" time="124.498" classname="Leads_Configurations.Lead_Config6"/>
  <system-out/>
</testsuite> <!-- Leads_Configurations.Lead_Config6 -->
