<?xml version="1.0" encoding="UTF-8"?>
<!-- Generated by org.testng.reporters.JUnitReportReporter -->
<testsuite skipped="0" hostname="Ravi" name="Leads_Configurations.Lead_Config11" tests="2" failures="0" timestamp="2020-10-21T14:18:06 IST" time="248.429" errors="0">
  <testcase name="Test_Config11" time="122.427" classname="Leads_Configurations.Lead_Config11"/>
  <system-out/>
  <testcase name="Test_Config11" time="126.002" classname="Leads_Configurations.Lead_Config11"/>
  <system-out/>
</testsuite> <!-- Leads_Configurations.Lead_Config11 -->
