<?xml version="1.0" encoding="UTF-8"?>
<!-- Generated by org.testng.reporters.JUnitReportReporter -->
<testsuite skipped="0" hostname="Ravi" name="EditTeamSetupAccount.EditTeamAcc_config09" tests="1" failures="0" timestamp="2020-11-29T20:17:41 IST" time="104.814" errors="0">
  <testcase name="EditTeamsetup" time="104.814" classname="EditTeamSetupAccount.EditTeamAcc_config09"/>
  <system-out/>
</testsuite> <!-- EditTeamSetupAccount.EditTeamAcc_config09 -->
