<?xml version="1.0" encoding="UTF-8"?>
<!-- Generated by org.testng.reporters.JUnitReportReporter -->
<testsuite skipped="0" hostname="Ravi" name="Leads_Configurations.Lead_Config29" tests="1" failures="0" timestamp="2020-09-16T12:25:40 IST" time="212.504" errors="0">
  <testcase name="Test_Config29" time="212.504" classname="Leads_Configurations.Lead_Config29"/>
  <system-out/>
</testsuite> <!-- Leads_Configurations.Lead_Config29 -->
