<?xml version="1.0" encoding="UTF-8"?>
<!-- Generated by org.testng.reporters.JUnitReportReporter -->
<testsuite skipped="0" hostname="Ravi" name="Leads_Configurations.Lead_Config17" tests="1" failures="0" timestamp="2020-09-15T10:00:00 IST" time="145.458" errors="0">
  <testcase name="Test_Config17" time="145.458" classname="Leads_Configurations.Lead_Config17"/>
  <system-out/>
</testsuite> <!-- Leads_Configurations.Lead_Config17 -->
