<?xml version="1.0" encoding="UTF-8"?>
<!-- Generated by org.testng.reporters.JUnitReportReporter -->
<testsuite skipped="0" hostname="Ravi" name="CaseCreation_Allocation.CaseAllocation_config3" tests="1" failures="0" timestamp="2020-12-04T10:38:42 IST" time="372.572" errors="0">
  <testcase name="CaseCreation_config3" time="372.572" classname="CaseCreation_Allocation.CaseAllocation_config3"/>
  <system-out/>
</testsuite> <!-- CaseCreation_Allocation.CaseAllocation_config3 -->
