<?xml version="1.0" encoding="UTF-8"?>
<!-- Generated by org.testng.reporters.JUnitReportReporter -->
<testsuite skipped="0" hostname="Ravi" name="Lead_Scenarios.Lead_Config3" tests="1" failures="0" timestamp="2020-10-21T18:17:51 IST" time="117.254" errors="0">
  <testcase name="Test_Config3" time="117.254" classname="Lead_Scenarios.Lead_Config3"/>
  <system-out/>
</testsuite> <!-- Lead_Scenarios.Lead_Config3 -->
