<?xml version="1.0" encoding="UTF-8"?>
<!-- Generated by org.testng.reporters.JUnitReportReporter -->
<testsuite skipped="0" hostname="Ravi" name="Accountconfiguration.AccountConfig9" tests="1" failures="0" timestamp="2020-11-29T20:17:41 IST" time="126.616" errors="0">
  <testcase name="TestAccountConfig9" time="126.616" classname="Accountconfiguration.AccountConfig9"/>
  <system-out/>
</testsuite> <!-- Accountconfiguration.AccountConfig9 -->
