<?xml version="1.0" encoding="UTF-8"?>
<!-- Generated by org.testng.reporters.JUnitReportReporter -->
<testsuite skipped="0" hostname="Ravi" name="ContactConfiguration.ContactConfig1" tests="1" failures="0" timestamp="2020-10-22T18:06:13 IST" time="131.187" errors="0">
  <testcase name="TestContactConfig1" time="131.187" classname="ContactConfiguration.ContactConfig1"/>
  <system-out/>
</testsuite> <!-- ContactConfiguration.ContactConfig1 -->
