<?xml version="1.0" encoding="UTF-8"?>
<!-- Generated by org.testng.reporters.JUnitReportReporter -->
<testsuite skipped="0" hostname="Ravi" name="Lead_Creation_Allocation.Leads_Allocation_config4" tests="1" failures="0" timestamp="2020-12-01T12:19:15 IST" time="391.821" errors="0">
  <testcase name="LeadCreation_config4" time="391.821" classname="Lead_Creation_Allocation.Leads_Allocation_config4"/>
  <system-out/>
</testsuite> <!-- Lead_Creation_Allocation.Leads_Allocation_config4 -->
