<?xml version="1.0" encoding="UTF-8"?>
<!-- Generated by org.testng.reporters.JUnitReportReporter -->
<testsuite skipped="0" hostname="Ravi" name="Lead_Creation_Allocation.ExistingAccountFilter_TC11" tests="1" failures="0" timestamp="2020-10-06T11:08:17 IST" time="403.035" errors="0">
  <testcase name="LeadCreation_ExistingAccountFilter_TC11" time="403.035" classname="Lead_Creation_Allocation.ExistingAccountFilter_TC11"/>
  <system-out/>
</testsuite> <!-- Lead_Creation_Allocation.ExistingAccountFilter_TC11 -->
