<?xml version="1.0" encoding="UTF-8"?>
<!-- Generated by org.testng.reporters.JUnitReportReporter -->
<testsuite skipped="0" hostname="Ravi" name="OppCreation_Allocation.Test_OppAllocation" tests="1" failures="0" timestamp="2020-09-07T14:56:54 IST" time="224.248" errors="0">
  <testcase name="OpportunityCreation_config1" time="224.248" classname="OppCreation_Allocation.Test_OppAllocation"/>
  <system-out/>
</testsuite> <!-- OppCreation_Allocation.Test_OppAllocation -->
