<?xml version="1.0" encoding="UTF-8"?>
<!-- Generated by org.testng.reporters.JUnitReportReporter -->
<testsuite skipped="0" hostname="Ravi" name="CaseCreation_Allocation.CaseAllocation_config16" tests="1" failures="0" timestamp="2020-12-04T16:00:42 IST" time="472.663" errors="0">
  <testcase name="CaseCreation_config16" time="472.663" classname="CaseCreation_Allocation.CaseAllocation_config16"/>
  <system-out/>
</testsuite> <!-- CaseCreation_Allocation.CaseAllocation_config16 -->
