<?xml version="1.0" encoding="UTF-8"?>
<!-- Generated by org.testng.reporters.JUnitReportReporter -->
<testsuite skipped="0" hostname="Ravi" name="Lead_DefineTeams.Lead_DefineTeams" tests="1" failures="0" timestamp="2020-12-02T13:01:10 IST" time="647.197" errors="0">
  <testcase name="DefineTeamSetup" time="647.197" classname="Lead_DefineTeams.Lead_DefineTeams"/>
  <system-out/>
</testsuite> <!-- Lead_DefineTeams.Lead_DefineTeams -->
