<?xml version="1.0" encoding="UTF-8"?>
<!-- Generated by org.testng.reporters.JUnitReportReporter -->
<testsuite skipped="0" hostname="Ravi" name="EditTeamSetupAccount.EditTeamAcc_config11" tests="1" failures="0" timestamp="2020-11-19T17:43:12 IST" time="140.091" errors="0">
  <testcase name="EditTeamsetup" time="140.091" classname="EditTeamSetupAccount.EditTeamAcc_config11"/>
  <system-out/>
</testsuite> <!-- EditTeamSetupAccount.EditTeamAcc_config11 -->
