<?xml version="1.0" encoding="UTF-8"?>
<!-- Generated by org.testng.reporters.JUnitReportReporter -->
<testsuite skipped="0" hostname="Ravi" name="Lead_Creation_Allocation.LeadFields_TC11" tests="1" failures="0" timestamp="2020-12-01T13:04:52 IST" time="415.216" errors="0">
  <testcase name="LeadCreation_LeadFields_TC11" time="415.216" classname="Lead_Creation_Allocation.LeadFields_TC11"/>
  <system-out/>
</testsuite> <!-- Lead_Creation_Allocation.LeadFields_TC11 -->
