<?xml version="1.0" encoding="UTF-8"?>
<!-- Generated by org.testng.reporters.JUnitReportReporter -->
<testsuite skipped="0" hostname="Ravi" name="Leads_Configurations.Lead_Config21" tests="1" failures="0" timestamp="2020-10-05T16:13:15 IST" time="221.641" errors="0">
  <testcase name="Test_Config21" time="221.641" classname="Leads_Configurations.Lead_Config21"/>
  <system-out/>
</testsuite> <!-- Leads_Configurations.Lead_Config21 -->
