<?xml version="1.0" encoding="UTF-8"?>
<!-- Generated by org.testng.reporters.JUnitReportReporter -->
<testsuite skipped="0" hostname="Ravi" name="Leads_Configurations.Lead_Config10" tests="1" failures="0" timestamp="2020-12-01T13:15:23 IST" time="127.550" errors="0">
  <testcase name="Test_Config10" time="127.550" classname="Leads_Configurations.Lead_Config10"/>
  <system-out/>
</testsuite> <!-- Leads_Configurations.Lead_Config10 -->
