<?xml version="1.0" encoding="UTF-8"?>
<!-- Generated by org.testng.reporters.JUnitReportReporter -->
<testsuite skipped="0" hostname="Ravi" name="CaseCreation_Allocation.preRbaCaseAllocationconfig7" tests="1" failures="0" timestamp="2020-12-04T12:21:45 IST" time="320.391" errors="0">
  <testcase name="PreRBAcaseAllocation7" time="320.391" classname="CaseCreation_Allocation.preRbaCaseAllocationconfig7"/>
  <system-out/>
</testsuite> <!-- CaseCreation_Allocation.preRbaCaseAllocationconfig7 -->
