<?xml version="1.0" encoding="UTF-8"?>
<!-- Generated by org.testng.reporters.JUnitReportReporter -->
<testsuite skipped="0" hostname="Ravi" name="Caseconfiguration.CaseConfig17" tests="1" failures="0" timestamp="2020-12-04T16:21:19 IST" time="128.167" errors="0">
  <testcase name="TestCaseConfig17" time="128.167" classname="Caseconfiguration.CaseConfig17"/>
  <system-out/>
</testsuite> <!-- Caseconfiguration.CaseConfig17 -->
