<?xml version="1.0" encoding="UTF-8"?>
<!-- Generated by org.testng.reporters.JUnitReportReporter -->
<testsuite skipped="0" hostname="Ravi" name="Caseconfiguration.CaseConfig3" tests="1" failures="0" timestamp="2020-12-04T10:38:42 IST" time="120.998" errors="0">
  <testcase name="TestCaseConfig3" time="120.998" classname="Caseconfiguration.CaseConfig3"/>
  <system-out/>
</testsuite> <!-- Caseconfiguration.CaseConfig3 -->
