<?xml version="1.0" encoding="UTF-8"?>
<!-- Generated by org.testng.reporters.JUnitReportReporter -->
<testsuite skipped="0" hostname="Ravi" name="Leads_Configurations.Lead_Config26" tests="1" failures="0" timestamp="2020-09-16T11:29:02 IST" time="190.337" errors="0">
  <testcase name="Test_Config26" time="190.337" classname="Leads_Configurations.Lead_Config26"/>
  <system-out/>
</testsuite> <!-- Leads_Configurations.Lead_Config26 -->
