<?xml version="1.0" encoding="UTF-8"?>
<!-- Generated by org.testng.reporters.JUnitReportReporter -->
<testsuite skipped="0" hostname="Ravi" name="OppCreation_Allocation.Opp_Allocation_config7" tests="1" failures="0" timestamp="2020-09-09T12:27:27 IST" time="336.014" errors="0">
  <testcase name="OpportunityCreation_config7" time="336.014" classname="OppCreation_Allocation.Opp_Allocation_config7"/>
  <system-out/>
</testsuite> <!-- OppCreation_Allocation.Opp_Allocation_config7 -->
