<?xml version="1.0" encoding="UTF-8"?>
<!-- Generated by org.testng.reporters.JUnitReportReporter -->
<testsuite skipped="0" hostname="Ravi" name="Onlineofflinescenario.CaseAllocation_configRba" tests="1" failures="0" timestamp="2020-10-14T12:43:08 IST" time="201.777" errors="0">
  <testcase name="CaseCreation_configRba" time="201.777" classname="Onlineofflinescenario.CaseAllocation_configRba"/>
  <system-out/>
</testsuite> <!-- Onlineofflinescenario.CaseAllocation_configRba -->
