<?xml version="1.0" encoding="UTF-8"?>
<!-- Generated by org.testng.reporters.JUnitReportReporter -->
<testsuite skipped="0" hostname="Ravi" name="ContactCreation_Allocation.ContactAllocation_TC05" tests="1" failures="0" timestamp="2020-10-27T19:16:38 IST" time="214.747" errors="0">
  <testcase name="ContactCreation_config05" time="214.747" classname="ContactCreation_Allocation.ContactAllocation_TC05"/>
  <system-out/>
</testsuite> <!-- ContactCreation_Allocation.ContactAllocation_TC05 -->
