<?xml version="1.0" encoding="UTF-8"?>
<!-- Generated by org.testng.reporters.JUnitReportReporter -->
<testsuite skipped="0" hostname="Ravi" name="Accountconfiguration.AccountConfig4" tests="1" failures="0" timestamp="2020-11-30T09:19:00 IST" time="126.994" errors="0">
  <testcase name="TestAccountConfig4" time="126.994" classname="Accountconfiguration.AccountConfig4"/>
  <system-out/>
</testsuite> <!-- Accountconfiguration.AccountConfig4 -->
