<?xml version="1.0" encoding="UTF-8"?>
<!-- Generated by org.testng.reporters.JUnitReportReporter -->
<testsuite skipped="0" hostname="Ravi" name="DemoScenario.EditTeamSetupCase" tests="1" failures="0" timestamp="2020-10-14T14:06:45 IST" time="143.387" errors="0">
  <testcase name="EditTeamsetup" time="143.387" classname="DemoScenario.EditTeamSetupCase"/>
  <system-out/>
</testsuite> <!-- DemoScenario.EditTeamSetupCase -->
