<?xml version="1.0" encoding="UTF-8"?>
<!-- Generated by org.testng.reporters.JUnitReportReporter -->
<testsuite skipped="0" hostname="Ravi" name="ContactConfiguration.ContactConfig8" tests="1" failures="0" timestamp="2020-10-19T11:38:57 IST" time="127.330" errors="0">
  <testcase name="TestContactConfig8" time="127.330" classname="ContactConfiguration.ContactConfig8"/>
  <system-out/>
</testsuite> <!-- ContactConfiguration.ContactConfig8 -->
