<?xml version="1.0" encoding="UTF-8"?>
<!-- Generated by org.testng.reporters.JUnitReportReporter -->
<testsuite skipped="0" hostname="Ravi" name="Lead_Creation_Allocation.LeadRBAFilters_TC11" tests="1" failures="0" timestamp="2020-09-22T17:29:47 IST" time="420.130" errors="0">
  <testcase name="LeadCreation_LeadRBAFilter_TC11" time="420.130" classname="Lead_Creation_Allocation.LeadRBAFilters_TC11"/>
  <system-out/>
</testsuite> <!-- Lead_Creation_Allocation.LeadRBAFilters_TC11 -->
