<?xml version="1.0" encoding="UTF-8"?>
<!-- Generated by org.testng.reporters.JUnitReportReporter -->
<testsuite skipped="0" hostname="Ravi" name="Leads_Configurations.Lead_Config22" tests="1" failures="0" timestamp="2020-10-01T14:11:14 IST" time="158.424" errors="0">
  <testcase name="Test_Config22" time="158.424" classname="Leads_Configurations.Lead_Config22"/>
  <system-out/>
</testsuite> <!-- Leads_Configurations.Lead_Config22 -->
