<?xml version="1.0" encoding="UTF-8"?>
<!-- Generated by org.testng.reporters.JUnitReportReporter -->
<testsuite skipped="0" hostname="Ravi" name="DefineTeamSetup.DefineTeam_Case" tests="1" failures="0" timestamp="2020-12-03T11:10:41 IST" time="2391.386" errors="0">
  <testcase name="DefineTeamSetup_case" time="2391.386" classname="DefineTeamSetup.DefineTeam_Case"/>
  <system-out/>
</testsuite> <!-- DefineTeamSetup.DefineTeam_Case -->
