<?xml version="1.0" encoding="UTF-8"?>
<!-- Generated by org.testng.reporters.JUnitReportReporter -->
<testsuite skipped="0" hostname="Ravi" name="Leads_Configurations.Lead_Config22" tests="1" failures="0" timestamp="2020-12-01T20:10:02 IST" time="185.307" errors="0">
  <testcase name="Test_Config22" time="185.307" classname="Leads_Configurations.Lead_Config22"/>
  <system-out/>
</testsuite> <!-- Leads_Configurations.Lead_Config22 -->
