<?xml version="1.0" encoding="UTF-8"?>
<!-- Generated by org.testng.reporters.JUnitReportReporter -->
<testsuite skipped="0" hostname="Ravi" name="Contact_Distribution.Contact_DefineTeams" tests="1" failures="0" timestamp="2020-11-13T15:12:06 IST" time="221.530" errors="0">
  <testcase name="DefineTeamSetup" time="221.530" classname="Contact_Distribution.Contact_DefineTeams"/>
  <system-out/>
</testsuite> <!-- Contact_Distribution.Contact_DefineTeams -->
