<?xml version="1.0" encoding="UTF-8"?>
<!-- Generated by org.testng.reporters.JUnitReportReporter -->
<testsuite skipped="0" hostname="Ravi" name="Accountconfiguration.AccountConfig1" tests="1" failures="0" timestamp="2020-11-27T16:39:45 IST" time="130.536" errors="0">
  <testcase name="TestAccountConfig1" time="130.536" classname="Accountconfiguration.AccountConfig1"/>
  <system-out/>
</testsuite> <!-- Accountconfiguration.AccountConfig1 -->
