<?xml version="1.0" encoding="UTF-8"?>
<!-- Generated by org.testng.reporters.JUnitReportReporter -->
<testsuite skipped="0" hostname="Ravi" name="Lead_Creation_Allocation.Leads_Allocation_config1" tests="1" failures="0" timestamp="2020-09-11T12:13:08 IST" time="142.658" errors="0">
  <testcase name="LeadCreation_config1" time="142.658" classname="Lead_Creation_Allocation.Leads_Allocation_config1"/>
  <system-out/>
</testsuite> <!-- Lead_Creation_Allocation.Leads_Allocation_config1 -->
