<?xml version="1.0" encoding="UTF-8"?>
<!-- Generated by org.testng.reporters.JUnitReportReporter -->
<testsuite skipped="0" hostname="Ravi" name="Caseconfiguration.preRbaCaseconfigonline" tests="1" failures="0" timestamp="2020-12-04T12:45:36 IST" time="126.091" errors="0">
  <testcase name="PreRBAcaseconfigOnline" time="126.091" classname="Caseconfiguration.preRbaCaseconfigonline"/>
  <system-out/>
</testsuite> <!-- Caseconfiguration.preRbaCaseconfigonline -->
