<?xml version="1.0" encoding="UTF-8"?>
<!-- Generated by org.testng.reporters.JUnitReportReporter -->
<testsuite skipped="0" hostname="Ravi" name="Caseconfiguration.CaseConfig7" tests="1" failures="0" timestamp="2020-12-04T12:21:45 IST" time="104.783" errors="0">
  <testcase name="TestCaseConfig5" time="104.783" classname="Caseconfiguration.CaseConfig7"/>
  <system-out/>
</testsuite> <!-- Caseconfiguration.CaseConfig7 -->
