<?xml version="1.0" encoding="UTF-8"?>
<!-- Generated by org.testng.reporters.JUnitReportReporter -->
<testsuite skipped="0" hostname="Ravi" name="Accountconfiguration.AccountConfig5" tests="1" failures="0" timestamp="2020-11-29T19:20:17 IST" time="131.740" errors="0">
  <testcase name="TestAccountConfig5" time="131.740" classname="Accountconfiguration.AccountConfig5"/>
  <system-out/>
</testsuite> <!-- Accountconfiguration.AccountConfig5 -->
