<?xml version="1.0" encoding="UTF-8"?>
<!-- Generated by org.testng.reporters.JUnitReportReporter -->
<testsuite skipped="0" hostname="Ravi" name="Lead_Creation_Allocation.LeadFields_TC08" tests="1" failures="0" timestamp="2020-09-18T17:30:02 IST" time="312.493" errors="0">
  <testcase name="LeadCreation_LeadFields_TC08" time="312.493" classname="Lead_Creation_Allocation.LeadFields_TC08"/>
  <system-out/>
</testsuite> <!-- Lead_Creation_Allocation.LeadFields_TC08 -->
