<?xml version="1.0" encoding="UTF-8"?>
<!-- Generated by org.testng.reporters.JUnitReportReporter -->
<testsuite skipped="0" hostname="Ravi" name="ContactConfiguration.ContactConfig3" tests="1" failures="0" timestamp="2020-11-30T11:39:02 IST" time="130.957" errors="0">
  <testcase name="TestContactConfig3" time="130.957" classname="ContactConfiguration.ContactConfig3"/>
  <system-out/>
</testsuite> <!-- ContactConfiguration.ContactConfig3 -->
