<?xml version="1.0" encoding="UTF-8"?>
<!-- Generated by org.testng.reporters.JUnitReportReporter -->
<testsuite skipped="0" hostname="Ravi" name="Opp_Configuration.Opp_caseconfig2" tests="1" failures="0" timestamp="2020-10-13T18:39:19 IST" time="117.036" errors="0">
  <testcase name="TestCaseConfig1" time="117.036" classname="Opp_Configuration.Opp_caseconfig2"/>
  <system-out/>
</testsuite> <!-- Opp_Configuration.Opp_caseconfig2 -->
