<?xml version="1.0" encoding="UTF-8"?>
<!-- Generated by org.testng.reporters.JUnitReportReporter -->
<testsuite skipped="0" hostname="Ravi" name="Leads_Configurations.Lead_Config13" tests="1" failures="0" timestamp="2020-09-30T14:34:11 IST" time="124.761" errors="0">
  <testcase name="Test_Config13" time="124.761" classname="Leads_Configurations.Lead_Config13"/>
  <system-out/>
</testsuite> <!-- Leads_Configurations.Lead_Config13 -->
