<?xml version="1.0" encoding="UTF-8"?>
<!-- Generated by org.testng.reporters.JUnitReportReporter -->
<testsuite skipped="0" hostname="Ravi" name="Lead_Creation_Allocation.ExistingAccountFilter_TC09" tests="1" failures="0" timestamp="2020-10-01T14:23:10 IST" time="390.934" errors="0">
  <testcase name="LeadCreation_ExistingAccountFilter_TC09" time="390.934" classname="Lead_Creation_Allocation.ExistingAccountFilter_TC09"/>
  <system-out/>
</testsuite> <!-- Lead_Creation_Allocation.ExistingAccountFilter_TC09 -->
