<?xml version="1.0" encoding="UTF-8"?>
<!-- Generated by org.testng.reporters.JUnitReportReporter -->
<testsuite skipped="0" hostname="Ravi" name="Leads_Configurations.Lead_Config17" tests="1" failures="0" timestamp="2020-09-15T11:39:45 IST" time="146.497" errors="0">
  <testcase name="Test_Config17" time="146.497" classname="Leads_Configurations.Lead_Config17"/>
  <system-out/>
</testsuite> <!-- Leads_Configurations.Lead_Config17 -->
