<?xml version="1.0" encoding="UTF-8"?>
<!-- Generated by org.testng.reporters.JUnitReportReporter -->
<testsuite skipped="0" hostname="Ravi" name="AccountDistribution.ManualDistributionAccount09" tests="1" failures="0" timestamp="2020-11-29T20:17:41 IST" time="299.968" errors="0">
  <testcase name="AccountManualDistribution9" time="299.968" classname="AccountDistribution.ManualDistributionAccount09"/>
  <system-out/>
</testsuite> <!-- AccountDistribution.ManualDistributionAccount09 -->
