<?xml version="1.0" encoding="UTF-8"?>
<!-- Generated by org.testng.reporters.JUnitReportReporter -->
<testsuite skipped="0" hostname="Ravi" name="Accountconfiguration.AccountConfig6" tests="1" failures="0" timestamp="2020-11-29T19:27:13 IST" time="129.707" errors="0">
  <testcase name="TestAccountConfig6" time="129.707" classname="Accountconfiguration.AccountConfig6"/>
  <system-out/>
</testsuite> <!-- Accountconfiguration.AccountConfig6 -->
