<?xml version="1.0" encoding="UTF-8"?>
<!-- Generated by org.testng.reporters.JUnitReportReporter -->
<testsuite skipped="0" hostname="Ravi" name="Opp_Configuration.Opp_caseconfig80" tests="1" failures="0" timestamp="2020-10-20T13:20:09 IST" time="112.668" errors="0">
  <testcase name="TestCaseConfig80" time="112.668" classname="Opp_Configuration.Opp_caseconfig80"/>
  <system-out/>
</testsuite> <!-- Opp_Configuration.Opp_caseconfig80 -->
