<?xml version="1.0" encoding="UTF-8"?>
<!-- Generated by org.testng.reporters.JUnitReportReporter -->
<testsuite skipped="0" hostname="Ravi" name="Opp_Configuration.Opp_caseconfig83" tests="1" failures="0" timestamp="2020-12-02T18:48:06 IST" time="113.278" errors="0">
  <testcase name="TestCaseConfig1" time="113.278" classname="Opp_Configuration.Opp_caseconfig83"/>
  <system-out/>
</testsuite> <!-- Opp_Configuration.Opp_caseconfig83 -->
