<?xml version="1.0" encoding="UTF-8"?>
<!-- Generated by org.testng.reporters.JUnitReportReporter -->
<testsuite skipped="0" hostname="Ravi" name="Leads_Configurations.Lead_Config14" tests="1" failures="0" timestamp="2020-10-05T16:19:47 IST" time="130.540" errors="0">
  <testcase name="Test_Config14" time="130.540" classname="Leads_Configurations.Lead_Config14"/>
  <system-out/>
</testsuite> <!-- Leads_Configurations.Lead_Config14 -->
