<?xml version="1.0" encoding="UTF-8"?>
<!-- Generated by org.testng.reporters.JUnitReportReporter -->
<testsuite skipped="0" hostname="Ravi" name="Leads_Configurations.Lead_Config19" tests="1" failures="0" timestamp="2020-12-01T14:06:44 IST" time="191.896" errors="0">
  <testcase name="Test_Config19" time="191.896" classname="Leads_Configurations.Lead_Config19"/>
  <system-out/>
</testsuite> <!-- Leads_Configurations.Lead_Config19 -->
