<?xml version="1.0" encoding="UTF-8"?>
<!-- Generated by org.testng.reporters.JUnitReportReporter -->
<testsuite skipped="0" hostname="Ravi" name="Leads_Configurations.Lead_Config20" tests="1" failures="0" timestamp="2020-09-30T13:49:29 IST" time="220.827" errors="0">
  <testcase name="Test_Config20" time="220.827" classname="Leads_Configurations.Lead_Config20"/>
  <system-out/>
</testsuite> <!-- Leads_Configurations.Lead_Config20 -->
