<?xml version="1.0" encoding="UTF-8"?>
<!-- Generated by org.testng.reporters.JUnitReportReporter -->
<testsuite skipped="0" hostname="Ravi" name="OppCreation_Allocation.Opp_Allocation_config81" tests="1" failures="0" timestamp="2020-12-02T18:24:25 IST" time="274.582" errors="0">
  <testcase name="OpportunityCreation_config81" time="274.582" classname="OppCreation_Allocation.Opp_Allocation_config81"/>
  <system-out/>
</testsuite> <!-- OppCreation_Allocation.Opp_Allocation_config81 -->
