<?xml version="1.0" encoding="UTF-8"?>
<!-- Generated by org.testng.reporters.JUnitReportReporter -->
<testsuite skipped="0" hostname="Ravi" name="Caseconfiguration.CaseConfig13" tests="1" failures="0" timestamp="2020-12-04T14:49:05 IST" time="107.821" errors="0">
  <testcase name="TestCaseConfig13" time="107.821" classname="Caseconfiguration.CaseConfig13"/>
  <system-out/>
</testsuite> <!-- Caseconfiguration.CaseConfig13 -->
