<?xml version="1.0" encoding="UTF-8"?>
<!-- Generated by org.testng.reporters.JUnitReportReporter -->
<testsuite skipped="0" hostname="Ravi" name="Lead_Creation_Allocation.ExistingOpportunity_TC06" tests="1" failures="0" timestamp="2020-12-02T10:41:11 IST" time="394.167" errors="0">
  <testcase name="LeadCreation_ExistingOpportunity_TC06" time="394.167" classname="Lead_Creation_Allocation.ExistingOpportunity_TC06"/>
  <system-out/>
</testsuite> <!-- Lead_Creation_Allocation.ExistingOpportunity_TC06 -->
