<?xml version="1.0" encoding="UTF-8"?>
<!-- Generated by org.testng.reporters.JUnitReportReporter -->
<testsuite skipped="0" hostname="Ravi" name="OppCreation_Allocation.Opp_Allocation_config82" tests="1" failures="0" timestamp="2020-12-02T18:31:16 IST" time="266.894" errors="0">
  <testcase name="OpportunityCreation_config82" time="266.894" classname="OppCreation_Allocation.Opp_Allocation_config82"/>
  <system-out/>
</testsuite> <!-- OppCreation_Allocation.Opp_Allocation_config82 -->
