<?xml version="1.0" encoding="UTF-8"?>
<!-- Generated by org.testng.reporters.JUnitReportReporter -->
<testsuite skipped="0" hostname="Ravi" name="Leads_Configurations.Lead_Config22" tests="1" failures="0" timestamp="2020-09-16T10:04:49 IST" time="180.445" errors="0">
  <testcase name="Test_Config22" time="180.445" classname="Leads_Configurations.Lead_Config22"/>
  <system-out/>
</testsuite> <!-- Leads_Configurations.Lead_Config22 -->
