<?xml version="1.0" encoding="UTF-8"?>
<!-- Generated by org.testng.reporters.JUnitReportReporter -->
<testsuite skipped="0" hostname="Ravi" name="ContactConfiguration.ContactConfig4" tests="1" failures="0" timestamp="2020-10-30T10:48:41 IST" time="128.818" errors="0">
  <testcase name="TestContactConfig4" time="128.818" classname="ContactConfiguration.ContactConfig4"/>
  <system-out/>
</testsuite> <!-- ContactConfiguration.ContactConfig4 -->
