<?xml version="1.0" encoding="UTF-8"?>
<!-- Generated by org.testng.reporters.JUnitReportReporter -->
<testsuite skipped="0" hostname="Ravi" name="Leads_Configurations.Lead_Config28" tests="1" failures="0" timestamp="2020-12-02T12:27:24 IST" time="155.584" errors="0">
  <testcase name="Test_Config28" time="155.584" classname="Leads_Configurations.Lead_Config28"/>
  <system-out/>
</testsuite> <!-- Leads_Configurations.Lead_Config28 -->
