<?xml version="1.0" encoding="UTF-8"?>
<!-- Generated by org.testng.reporters.JUnitReportReporter -->
<testsuite skipped="0" hostname="Ravi" name="Accountconfiguration.AccountConfig13" tests="1" failures="0" timestamp="2020-11-29T20:01:55 IST" time="128.128" errors="0">
  <testcase name="TestAccountConfig13" time="128.128" classname="Accountconfiguration.AccountConfig13"/>
  <system-out/>
</testsuite> <!-- Accountconfiguration.AccountConfig13 -->
