<?xml version="1.0" encoding="UTF-8"?>
<!-- Generated by org.testng.reporters.JUnitReportReporter -->
<testsuite skipped="0" hostname="Ravi" name="Onlineofflinescenario.CaseAllocation_config3" tests="1" failures="0" timestamp="2020-10-14T12:43:08 IST" time="744.107" errors="0">
  <testcase name="CaseCreation_config3" time="744.107" classname="Onlineofflinescenario.CaseAllocation_config3"/>
  <system-out/>
</testsuite> <!-- Onlineofflinescenario.CaseAllocation_config3 -->
