<?xml version="1.0" encoding="UTF-8"?>
<!-- Generated by org.testng.reporters.JUnitReportReporter -->
<testsuite skipped="0" hostname="Ravi" name="CaseCreation_Allocation.CaseAllocation_config14" tests="1" failures="0" timestamp="2020-12-04T15:07:18 IST" time="332.450" errors="0">
  <testcase name="CaseCreation_config14" time="332.450" classname="CaseCreation_Allocation.CaseAllocation_config14"/>
  <system-out/>
</testsuite> <!-- CaseCreation_Allocation.CaseAllocation_config14 -->
