<?xml version="1.0" encoding="UTF-8"?>
<!-- Generated by org.testng.reporters.JUnitReportReporter -->
<testsuite skipped="0" hostname="Ravi" name="DemoScenario.DefineTeam_Case" tests="1" failures="0" timestamp="2020-10-14T14:06:45 IST" time="230.005" errors="0">
  <testcase name="DefineTeamSetup_case" time="230.005" classname="DemoScenario.DefineTeam_Case"/>
  <system-out/>
</testsuite> <!-- DemoScenario.DefineTeam_Case -->
