<?xml version="1.0" encoding="UTF-8"?>
<!-- Generated by org.testng.reporters.JUnitReportReporter -->
<testsuite skipped="0" hostname="Ravi" name="Lead_Creation_Allocation.LeadFields_TC12" tests="1" failures="0" timestamp="2020-09-21T16:25:07 IST" time="419.166" errors="0">
  <testcase name="LeadCreation_LeadFields_TC12" time="419.166" classname="Lead_Creation_Allocation.LeadFields_TC12"/>
  <system-out/>
</testsuite> <!-- Lead_Creation_Allocation.LeadFields_TC12 -->
