<?xml version="1.0" encoding="UTF-8"?>
<!-- Generated by org.testng.reporters.JUnitReportReporter -->
<testsuite skipped="0" hostname="Ravi" name="AccountCreation_Allocation.AccountAllocation_config2" tests="1" failures="0" timestamp="2020-11-27T17:32:43 IST" time="210.407" errors="0">
  <testcase name="AccountCreation_config1" time="210.407" classname="AccountCreation_Allocation.AccountAllocation_config2"/>
  <system-out/>
</testsuite> <!-- AccountCreation_Allocation.AccountAllocation_config2 -->
