<?xml version="1.0" encoding="UTF-8"?>
<!-- Generated by org.testng.reporters.JUnitReportReporter -->
<testsuite skipped="0" hostname="Ravi" name="Lead_Creation_Allocation.LeadRBAFilters_TC09" tests="1" failures="0" timestamp="2020-12-01T13:33:57 IST" time="399.677" errors="0">
  <testcase name="LeadCreation_LeadRBAFilter_TC09" time="399.677" classname="Lead_Creation_Allocation.LeadRBAFilters_TC09"/>
  <system-out/>
</testsuite> <!-- Lead_Creation_Allocation.LeadRBAFilters_TC09 -->
