<?xml version="1.0" encoding="UTF-8"?>
<!-- Generated by org.testng.reporters.JUnitReportReporter -->
<testsuite skipped="0" hostname="Ravi" name="OppCreation_Allocation.Opp_Allocation_config5" tests="1" failures="0" timestamp="2020-09-09T12:04:48 IST" time="559.362" errors="0">
  <testcase name="OpportunityCreation_config5" time="559.362" classname="OppCreation_Allocation.Opp_Allocation_config5"/>
  <system-out/>
</testsuite> <!-- OppCreation_Allocation.Opp_Allocation_config5 -->
