<?xml version="1.0" encoding="UTF-8"?>
<!-- Generated by org.testng.reporters.JUnitReportReporter -->
<testsuite skipped="0" hostname="Ravi" name="Lead_Creation_Allocation.ExistingOpportunity_TC05" tests="1" failures="0" timestamp="2020-12-02T10:29:39 IST" time="391.479" errors="0">
  <testcase name="LeadCreation_ExistingOpportunity_TC05" time="391.479" classname="Lead_Creation_Allocation.ExistingOpportunity_TC05"/>
  <system-out/>
</testsuite> <!-- Lead_Creation_Allocation.ExistingOpportunity_TC05 -->
