<?xml version="1.0" encoding="UTF-8"?>
<!-- Generated by org.testng.reporters.JUnitReportReporter -->
<testsuite skipped="0" hostname="Ravi" name="AccountCreation_Allocation.AccountAllocation_config1" tests="1" failures="0" timestamp="2020-11-27T16:45:54 IST" time="76.691" errors="0">
  <testcase name="AccountCreation_config1" time="76.691" classname="AccountCreation_Allocation.AccountAllocation_config1"/>
  <system-out/>
</testsuite> <!-- AccountCreation_Allocation.AccountAllocation_config1 -->
