<?xml version="1.0" encoding="UTF-8"?>
<!-- Generated by org.testng.reporters.JUnitReportReporter -->
<testsuite skipped="0" hostname="Ravi" name="Lead_DefineTeams.Lead_DefineTeams" tests="1" failures="0" timestamp="2020-10-20T17:01:57 IST" time="562.192" errors="0">
  <testcase name="DefineTeamSetup" time="562.192" classname="Lead_DefineTeams.Lead_DefineTeams"/>
  <system-out/>
</testsuite> <!-- Lead_DefineTeams.Lead_DefineTeams -->
