<?xml version="1.0" encoding="UTF-8"?>
<!-- Generated by org.testng.reporters.JUnitReportReporter -->
<testsuite skipped="0" hostname="Ravi" name="Leads_Configurations.Lead_Config7" tests="1" failures="0" timestamp="2020-09-21T15:56:31 IST" time="130.800" errors="0">
  <testcase name="Test_Config7" time="130.800" classname="Leads_Configurations.Lead_Config7"/>
  <system-out/>
</testsuite> <!-- Leads_Configurations.Lead_Config7 -->
