<?xml version="1.0" encoding="UTF-8"?>
<!-- Generated by org.testng.reporters.JUnitReportReporter -->
<testsuite skipped="0" hostname="Ravi" name="Leads_Configurations.Lead_Config7" tests="1" failures="0" timestamp="2020-12-01T12:28:56 IST" time="122.700" errors="0">
  <testcase name="Test_Config7" time="122.700" classname="Leads_Configurations.Lead_Config7"/>
  <system-out/>
</testsuite> <!-- Leads_Configurations.Lead_Config7 -->
