<?xml version="1.0" encoding="UTF-8"?>
<!-- Generated by org.testng.reporters.JUnitReportReporter -->
<testsuite skipped="0" hostname="Ravi" name="Leads_Configurations.Lead_Config5" tests="1" failures="0" timestamp="2020-12-01T11:58:57 IST" time="128.787" errors="0">
  <testcase name="Test_Config5" time="128.787" classname="Leads_Configurations.Lead_Config5"/>
  <system-out/>
</testsuite> <!-- Leads_Configurations.Lead_Config5 -->
