<?xml version="1.0" encoding="UTF-8"?>
<!-- Generated by org.testng.reporters.JUnitReportReporter -->
<testsuite skipped="0" hostname="Ravi" name="Lead_Creation_Allocation.ExistingOpportunity_TC07" tests="1" failures="0" timestamp="2020-10-05T16:30:03 IST" time="370.743" errors="0">
  <testcase name="LeadCreation_ExistingOpportunity_TC07" time="370.743" classname="Lead_Creation_Allocation.ExistingOpportunity_TC07"/>
  <system-out/>
</testsuite> <!-- Lead_Creation_Allocation.ExistingOpportunity_TC07 -->
