<?xml version="1.0" encoding="UTF-8"?>
<!-- Generated by org.testng.reporters.JUnitReportReporter -->
<testsuite skipped="0" hostname="Ravi" name="Lead_Creation_Allocation.LeadRBAFilters_TC10" tests="1" failures="0" timestamp="2020-09-22T17:09:17 IST" time="344.269" errors="0">
  <testcase name="LeadCreation_LeadRBAFilter_TC10" time="344.269" classname="Lead_Creation_Allocation.LeadRBAFilters_TC10"/>
  <system-out/>
</testsuite> <!-- Lead_Creation_Allocation.LeadRBAFilters_TC10 -->
