<?xml version="1.0" encoding="UTF-8"?>
<!-- Generated by org.testng.reporters.JUnitReportReporter -->
<testsuite skipped="0" hostname="Ravi" name="Opp_Configuration.Opp_caseconfig1" tests="1" failures="0" timestamp="2020-09-09T11:18:26 IST" time="111.278" errors="0">
  <testcase name="TestCaseConfig1" time="111.278" classname="Opp_Configuration.Opp_caseconfig1"/>
  <system-out/>
</testsuite> <!-- Opp_Configuration.Opp_caseconfig1 -->
