<?xml version="1.0" encoding="UTF-8"?>
<!-- Generated by org.testng.reporters.JUnitReportReporter -->
<testsuite skipped="0" hostname="Ravi" name="CaseCreation_Allocation.CaseAllocation_config6" tests="1" failures="0" timestamp="2020-12-04T12:05:17 IST" time="355.751" errors="0">
  <testcase name="CaseCreation_config6" time="355.751" classname="CaseCreation_Allocation.CaseAllocation_config6"/>
  <system-out/>
</testsuite> <!-- CaseCreation_Allocation.CaseAllocation_config6 -->
