<?xml version="1.0" encoding="UTF-8"?>
<!-- Generated by org.testng.reporters.JUnitReportReporter -->
<testsuite skipped="0" hostname="Ravi" name="Leads_Configurations.Lead_Config2" tests="1" failures="0" timestamp="2020-10-21T14:18:06 IST" time="112.177" errors="0">
  <testcase name="Test_Config2" time="112.177" classname="Leads_Configurations.Lead_Config2"/>
  <system-out/>
</testsuite> <!-- Leads_Configurations.Lead_Config2 -->
