<?xml version="1.0" encoding="UTF-8"?>
<!-- Generated by org.testng.reporters.JUnitReportReporter -->
<testsuite skipped="0" hostname="Ravi" name="CaseCreation_Allocation.CaseAllocation_config12" tests="1" failures="0" timestamp="2020-12-04T14:16:19 IST" time="318.490" errors="0">
  <testcase name="CaseCreation_config12" time="318.490" classname="CaseCreation_Allocation.CaseAllocation_config12"/>
  <system-out/>
</testsuite> <!-- CaseCreation_Allocation.CaseAllocation_config12 -->
