<?xml version="1.0" encoding="UTF-8"?>
<!-- Generated by org.testng.reporters.JUnitReportReporter -->
<testsuite skipped="0" hostname="Ravi" name="Opp_Configuration.Opp_caseconfig7" tests="1" failures="0" timestamp="2020-09-09T12:27:27 IST" time="117.867" errors="0">
  <testcase name="TestCaseConfig1" time="117.867" classname="Opp_Configuration.Opp_caseconfig7"/>
  <system-out/>
</testsuite> <!-- Opp_Configuration.Opp_caseconfig7 -->
