<?xml version="1.0" encoding="UTF-8"?>
<!-- Generated by org.testng.reporters.JUnitReportReporter -->
<testsuite skipped="0" hostname="Ravi" name="ContactConfiguration.ContactConfig2" tests="1" failures="0" timestamp="2020-10-26T12:22:09 IST" time="128.931" errors="0">
  <testcase name="TestContactConfig2" time="128.931" classname="ContactConfiguration.ContactConfig2"/>
  <system-out/>
</testsuite> <!-- ContactConfiguration.ContactConfig2 -->
