<?xml version="1.0" encoding="UTF-8"?>
<!-- Generated by org.testng.reporters.JUnitReportReporter -->
<testsuite skipped="0" hostname="Ravi" name="Leads_Configurations.Lead_Config30" tests="1" failures="0" timestamp="2020-10-01T10:44:50 IST" time="213.320" errors="0">
  <testcase name="Test_Config30" time="213.320" classname="Leads_Configurations.Lead_Config30"/>
  <system-out/>
</testsuite> <!-- Leads_Configurations.Lead_Config30 -->
