<?xml version="1.0" encoding="UTF-8"?>
<!-- Generated by org.testng.reporters.JUnitReportReporter -->
<testsuite skipped="0" hostname="Ravi" name="Opp_Configuration.Opp_caseconfig85" tests="1" failures="0" timestamp="2020-12-02T19:16:43 IST" time="112.049" errors="0">
  <testcase name="TestCaseConfig1" time="112.049" classname="Opp_Configuration.Opp_caseconfig85"/>
  <system-out/>
</testsuite> <!-- Opp_Configuration.Opp_caseconfig85 -->
