<?xml version="1.0" encoding="UTF-8"?>
<!-- Generated by org.testng.reporters.JUnitReportReporter -->
<testsuite skipped="0" hostname="Ravi" name="AccountCreation_Allocation.AccountAllocation_config7" tests="1" failures="0" timestamp="2020-11-29T19:36:16 IST" time="256.169" errors="0">
  <testcase name="AccountCreation_config7" time="256.169" classname="AccountCreation_Allocation.AccountAllocation_config7"/>
  <system-out/>
</testsuite> <!-- AccountCreation_Allocation.AccountAllocation_config7 -->
