<?xml version="1.0" encoding="UTF-8"?>
<!-- Generated by org.testng.reporters.JUnitReportReporter -->
<testsuite skipped="0" hostname="Ravi" name="ContactConfiguration.ContactConfig4" tests="1" failures="0" timestamp="2020-11-30T11:47:10 IST" time="127.868" errors="0">
  <testcase name="TestContactConfig4" time="127.868" classname="ContactConfiguration.ContactConfig4"/>
  <system-out/>
</testsuite> <!-- ContactConfiguration.ContactConfig4 -->
