<?xml version="1.0" encoding="UTF-8"?>
<!-- Generated by org.testng.reporters.JUnitReportReporter -->
<testsuite skipped="0" hostname="Ravi" name="Leads_Configurations.Lead_Config3" tests="1" failures="0" timestamp="2020-12-01T10:58:46 IST" time="118.186" errors="0">
  <testcase name="Test_Config3" time="118.186" classname="Leads_Configurations.Lead_Config3"/>
  <system-out/>
</testsuite> <!-- Leads_Configurations.Lead_Config3 -->
