<?xml version="1.0" encoding="UTF-8"?>
<!-- Generated by org.testng.reporters.JUnitReportReporter -->
<testsuite skipped="0" hostname="Ravi" name="CaseCreation_Allocation.CaseAllocation_config7" tests="1" failures="0" timestamp="2020-12-04T12:21:45 IST" time="320.244" errors="0">
  <testcase name="CaseCreation_config7" time="320.244" classname="CaseCreation_Allocation.CaseAllocation_config7"/>
  <system-out/>
</testsuite> <!-- CaseCreation_Allocation.CaseAllocation_config7 -->
