<?xml version="1.0" encoding="UTF-8"?>
<!-- Generated by org.testng.reporters.JUnitReportReporter -->
<testsuite skipped="0" hostname="Ravi" name="Opp_CaseConfiguration.Opp_caseconfig80" tests="1" failures="0" timestamp="2020-08-19T12:04:53 IST" time="108.156" errors="0">
  <testcase name="TestCaseConfig1" time="108.156" classname="Opp_CaseConfiguration.Opp_caseconfig80"/>
  <system-out/>
</testsuite> <!-- Opp_CaseConfiguration.Opp_caseconfig80 -->
