<?xml version="1.0" encoding="UTF-8"?>
<!-- Generated by org.testng.reporters.JUnitReportReporter -->
<testsuite skipped="0" hostname="Ravi" name="Leads_Configurations.Lead_Config25" tests="1" failures="0" timestamp="2020-12-02T10:12:23 IST" time="182.232" errors="0">
  <testcase name="Test_Config25" time="182.232" classname="Leads_Configurations.Lead_Config25"/>
  <system-out/>
</testsuite> <!-- Leads_Configurations.Lead_Config25 -->
