<?xml version="1.0" encoding="UTF-8"?>
<!-- Generated by org.testng.reporters.JUnitReportReporter -->
<testsuite skipped="0" hostname="Ravi" name="Accountconfiguration.AccountConfig8" tests="1" failures="0" timestamp="2020-11-29T19:46:14 IST" time="128.543" errors="0">
  <testcase name="TestAccountConfig8" time="128.543" classname="Accountconfiguration.AccountConfig8"/>
  <system-out/>
</testsuite> <!-- Accountconfiguration.AccountConfig8 -->
