<?xml version="1.0" encoding="UTF-8"?>
<!-- Generated by org.testng.reporters.JUnitReportReporter -->
<testsuite skipped="0" hostname="Ravi" name="CaseCreation_Allocation.PreRBACaseAllocation" tests="1" failures="0" timestamp="2020-12-04T10:59:40 IST" time="374.495" errors="0">
  <testcase name="PreRBAcaseAllocation" time="374.495" classname="CaseCreation_Allocation.PreRBACaseAllocation"/>
  <system-out/>
</testsuite> <!-- CaseCreation_Allocation.PreRBACaseAllocation -->
