<?xml version="1.0" encoding="UTF-8"?>
<!-- Generated by org.testng.reporters.JUnitReportReporter -->
<testsuite skipped="0" hostname="Ravi" name="OppCreation_Allocation.Opp_Allocation_config1" tests="1" failures="0" timestamp="2020-12-02T15:23:50 IST" time="607.400" errors="0">
  <testcase name="OpportunityCreation_config1" time="607.400" classname="OppCreation_Allocation.Opp_Allocation_config1"/>
  <system-out/>
</testsuite> <!-- OppCreation_Allocation.Opp_Allocation_config1 -->
